app/build/intermediates/manifest_merge_blame_file/debug/manifest-merger-blame-debug-report.txt
1<?xml version="1.0" encoding="utf-8"?>
2<manifest xmlns:android="http://schemas.android.com/apk/res/android"
3    package="org.apereo.cas.casAndroid"
4    android:versionCode="1"
5    android:versionName="1.0" >
6
7    <uses-sdk
7-->src/main/AndroidManifest.xml:6:5-73
8        android:minSdkVersion="17"
8-->src/main/AndroidManifest.xml:6:5-73
9        android:targetSdkVersion="29" />
9-->src/main/AndroidManifest.xml:6:5-73
10
11    <uses-permission android:name="android.permission.INTERNET" />
11-->src/main/AndroidManifest.xml:8:5-67
11-->src/main/AndroidManifest.xml:8:22-64
12    <uses-permission android:name="android.permission.CAMERA" /> <!-- Don't require camera, as this requires a rear camera. This allows it to work on the Nexus 7 -->
12-->[com.journeyapps:zxing-android-embedded:4.1.0] AndroidManifest.xml:22:5-65
12-->[com.journeyapps:zxing-android-embedded:4.1.0] AndroidManifest.xml:22:22-62
13    <uses-feature
13-->[com.journeyapps:zxing-android-embedded:4.1.0] AndroidManifest.xml:25:5-27:36
14        android:name="android.hardware.camera"
14-->[com.journeyapps:zxing-android-embedded:4.1.0] AndroidManifest.xml:26:9-47
15        android:required="false" />
15-->[com.journeyapps:zxing-android-embedded:4.1.0] AndroidManifest.xml:27:9-33
16    <uses-feature
16-->[com.journeyapps:zxing-android-embedded:4.1.0] AndroidManifest.xml:28:5-30:36
17        android:name="android.hardware.camera.front"
17-->[com.journeyapps:zxing-android-embedded:4.1.0] AndroidManifest.xml:29:9-53
18        android:required="false" /> <!-- TODO replace above two with next line after Android 4.2 -->
18-->[com.journeyapps:zxing-android-embedded:4.1.0] AndroidManifest.xml:30:9-33
19    <!-- <uses-feature android:name="android.hardware.camera.any"/> -->
20    <uses-feature
20-->[com.journeyapps:zxing-android-embedded:4.1.0] AndroidManifest.xml:33:5-35:36
21        android:name="android.hardware.camera.autofocus"
21-->[com.journeyapps:zxing-android-embedded:4.1.0] AndroidManifest.xml:34:9-57
22        android:required="false" />
22-->[com.journeyapps:zxing-android-embedded:4.1.0] AndroidManifest.xml:35:9-33
23    <uses-feature
23-->[com.journeyapps:zxing-android-embedded:4.1.0] AndroidManifest.xml:36:5-38:36
24        android:name="android.hardware.camera.flash"
24-->[com.journeyapps:zxing-android-embedded:4.1.0] AndroidManifest.xml:37:9-53
25        android:required="false" />
25-->[com.journeyapps:zxing-android-embedded:4.1.0] AndroidManifest.xml:38:9-33
26    <uses-feature
26-->[com.journeyapps:zxing-android-embedded:4.1.0] AndroidManifest.xml:39:5-41:36
27        android:name="android.hardware.screen.landscape"
27-->[com.journeyapps:zxing-android-embedded:4.1.0] AndroidManifest.xml:40:9-57
28        android:required="false" />
28-->[com.journeyapps:zxing-android-embedded:4.1.0] AndroidManifest.xml:41:9-33
29    <uses-feature
29-->[com.journeyapps:zxing-android-embedded:4.1.0] AndroidManifest.xml:42:5-44:36
30        android:name="android.hardware.wifi"
30-->[com.journeyapps:zxing-android-embedded:4.1.0] AndroidManifest.xml:43:9-45
31        android:required="false" />
31-->[com.journeyapps:zxing-android-embedded:4.1.0] AndroidManifest.xml:44:9-33
32
33    <application
33-->src/main/AndroidManifest.xml:10:5-30:19
34        android:name="androidx.multidex.MultiDexApplication"
35        android:allowBackup="true"
35-->src/main/AndroidManifest.xml:12:9-35
36        android:appComponentFactory="androidx.core.app.CoreComponentFactory"
36-->[androidx.core:core:1.3.1] AndroidManifest.xml:24:18-86
37        android:debuggable="true"
38        android:hardwareAccelerated="true"
38-->src/main/AndroidManifest.xml:13:9-43
39        android:icon="@mipmap/ic_launcher"
39-->src/main/AndroidManifest.xml:14:9-43
40        android:label="@string/app_name"
40-->src/main/AndroidManifest.xml:15:9-41
41        android:largeHeap="true"
41-->src/main/AndroidManifest.xml:16:9-33
42        android:networkSecurityConfig="@xml/network_security_config"
42-->src/main/AndroidManifest.xml:17:9-69
43        android:roundIcon="@mipmap/ic_launcher_round"
43-->src/main/AndroidManifest.xml:18:9-54
44        android:supportsRtl="true"
44-->src/main/AndroidManifest.xml:19:9-35
45        android:testOnly="true"
46        android:theme="@style/Theme.CasAndroid" >
46-->src/main/AndroidManifest.xml:20:9-48
47        <activity
47-->src/main/AndroidManifest.xml:21:9-29:20
48            android:name="org.apereo.cas.casAndroid.MainActivity"
48-->src/main/AndroidManifest.xml:22:13-41
49            android:screenOrientation="portrait" >
49-->src/main/AndroidManifest.xml:23:13-49
50            <intent-filter>
50-->src/main/AndroidManifest.xml:24:13-28:29
51                <action android:name="android.intent.action.MAIN" />
51-->src/main/AndroidManifest.xml:25:17-69
51-->src/main/AndroidManifest.xml:25:25-66
52
53                <category android:name="android.intent.category.LAUNCHER" />
53-->src/main/AndroidManifest.xml:27:17-77
53-->src/main/AndroidManifest.xml:27:27-74
54            </intent-filter>
55        </activity>
56        <activity
56-->[com.journeyapps:zxing-android-embedded:4.1.0] AndroidManifest.xml:47:9-53:63
57            android:name="com.journeyapps.barcodescanner.CaptureActivity"
57-->[com.journeyapps:zxing-android-embedded:4.1.0] AndroidManifest.xml:48:13-74
58            android:clearTaskOnLaunch="true"
58-->[com.journeyapps:zxing-android-embedded:4.1.0] AndroidManifest.xml:49:13-45
59            android:screenOrientation="sensorLandscape"
59-->[com.journeyapps:zxing-android-embedded:4.1.0] AndroidManifest.xml:50:13-56
60            android:stateNotNeeded="true"
60-->[com.journeyapps:zxing-android-embedded:4.1.0] AndroidManifest.xml:51:13-42
61            android:theme="@style/zxing_CaptureTheme"
61-->[com.journeyapps:zxing-android-embedded:4.1.0] AndroidManifest.xml:52:13-54
62            android:windowSoftInputMode="stateAlwaysHidden" />
62-->[com.journeyapps:zxing-android-embedded:4.1.0] AndroidManifest.xml:53:13-60
63        <activity
63-->[com.google.android.gms:play-services-base:17.0.0] AndroidManifest.xml:23:9-26:75
64            android:name="com.google.android.gms.common.api.GoogleApiActivity"
64-->[com.google.android.gms:play-services-base:17.0.0] AndroidManifest.xml:24:13-79
65            android:exported="false"
65-->[com.google.android.gms:play-services-base:17.0.0] AndroidManifest.xml:25:13-37
66            android:theme="@android:style/Theme.Translucent.NoTitleBar" />
66-->[com.google.android.gms:play-services-base:17.0.0] AndroidManifest.xml:26:13-72
67
68        <meta-data
68-->[com.google.android.gms:play-services-basement:17.0.0] AndroidManifest.xml:23:9-25:69
69            android:name="com.google.android.gms.version"
69-->[com.google.android.gms:play-services-basement:17.0.0] AndroidManifest.xml:24:13-58
70            android:value="@integer/google_play_services_version" />
70-->[com.google.android.gms:play-services-basement:17.0.0] AndroidManifest.xml:25:13-66
71    </application>
72
73</manifest>